<?xml version="1.0" encoding="UTF-8"?>
<!-- Generated by org.testng.reporters.JUnitReportReporter -->
<testsuite skipped="0" hostname="OWCALW104SCN" name="com.nuts.qa.TestCases.SearchPageTest" tests="6" failures="0" timestamp="28 Apr 2019 15:48:08 GMT" time="88.939" errors="0">
  <testcase name="VerifySearchboxdisplayedwithSizeAbv1280" time="6.361" classname="com.nuts.qa.TestCases.SearchPageTest"/>
  <testcase name="VerifyAutopopulatedListAppearancewithSizeAbv1280" time="14.626" classname="com.nuts.qa.TestCases.SearchPageTest"/>
  <testcase name="VerifySearchboxdisplayedwithSizeblw600" time="10.434" classname="com.nuts.qa.TestCases.SearchPageTest"/>
  <testcase name="VerifyNoAutoSuggestionforMobileWidthBrowsersize" time="19.540" classname="com.nuts.qa.TestCases.SearchPageTest"/>
  <testcase name="VerifyAdditionalSearchIcondisplayedwithSizeblw600" time="14.041" classname="com.nuts.qa.TestCases.SearchPageTest"/>
  <testcase name="VerifyAutopopulatedTextforAddSearchiconSearchbox" time="23.937" classname="com.nuts.qa.TestCases.SearchPageTest"/>
</testsuite> <!-- com.nuts.qa.TestCases.SearchPageTest -->
